<?xml version="1.0" encoding="UTF-8"?>
<!-- Generated by org.testng.reporters.JUnitReportReporter -->
<testsuite hostname="LAPTOP-K6JBIRD9" failures="0" tests="1" name="computers.TC_DWS_010_Test" time="4.690" errors="0" timestamp="2025-06-27T19:23:43 IST" skipped="0">
  <testcase classname="computers.TC_DWS_010_Test" name="mouseHoverOnComputers" time="4.690"/>
</testsuite> <!-- computers.TC_DWS_010_Test -->
