<?xml version="1.0" encoding="UTF-8"?>
<!-- Generated by org.testng.reporters.JUnitReportReporter -->
<testsuite hostname="LAPTOP-K6JBIRD9" failures="0" tests="1" name="electronics.TC_DWS_001_Test" time="4.983" errors="0" timestamp="2025-06-28T12:48:07 IST" skipped="0">
  <testcase classname="electronics.TC_DWS_001_Test" name="mouseHoverOnElectronics" time="4.983"/>
</testsuite> <!-- electronics.TC_DWS_001_Test -->
