<?xml version="1.0" encoding="UTF-8"?>
<!-- Generated by org.testng.reporters.JUnitReportReporter -->
<testsuite hostname="LAPTOP-K6JBIRD9" failures="0" tests="1" name="books.TC_DWS_001_Test" time="4.174" errors="0" timestamp="2025-06-27T14:00:04 IST" skipped="0">
  <testcase classname="books.TC_DWS_001_Test" name="clickOnBooksLink" time="4.174"/>
</testsuite> <!-- books.TC_DWS_001_Test -->
